  Elementry.cpp
C:\Users\PCU\Desktop\myLife\Me.h(9,9): error C3646: 's': 알 수 없는 재정의 지정자입니다.
C:\Users\PCU\Desktop\myLife\Me.h(9,10): error C4430: 형식 지정자가 없습니다. int로 가정합니다. 참고: C++에서는 기본 int를 지원하지 않습니다.
  High.cpp
C:\Users\PCU\Desktop\myLife\Me.h(9,9): error C3646: 's': 알 수 없는 재정의 지정자입니다.
C:\Users\PCU\Desktop\myLife\Me.h(9,10): error C4430: 형식 지정자가 없습니다. int로 가정합니다. 참고: C++에서는 기본 int를 지원하지 않습니다.
  Me.cpp
C:\Users\PCU\Desktop\myLife\School.h(14,9): error C3646: 's_name': 알 수 없는 재정의 지정자입니다.
C:\Users\PCU\Desktop\myLife\School.h(14,15): error C4430: 형식 지정자가 없습니다. int로 가정합니다. 참고: C++에서는 기본 int를 지원하지 않습니다.
C:\Users\PCU\Desktop\myLife\School.h(15,9): error C3646: 'school_days': 알 수 없는 재정의 지정자입니다.
C:\Users\PCU\Desktop\myLife\School.h(15,20): error C4430: 형식 지정자가 없습니다. int로 가정합니다. 참고: C++에서는 기본 int를 지원하지 않습니다.
C:\Users\PCU\Desktop\myLife\School.h(16,9): error C3646: 'school_activity': 알 수 없는 재정의 지정자입니다.
C:\Users\PCU\Desktop\myLife\School.h(16,24): error C4430: 형식 지정자가 없습니다. int로 가정합니다. 참고: C++에서는 기본 int를 지원하지 않습니다.
C:\Users\PCU\Desktop\myLife\School.h(19,9): error C2061: 구문 오류: 식별자 'string'
C:\Users\PCU\Desktop\myLife\Me.cpp(64,49): error C2440: '<function-style-cast>': 'initializer list'에서 'School'(으)로 변환할 수 없습니다.
C:\Users\PCU\Desktop\myLife\Me.cpp(64,49): message : 소스 형식을 가져올 수 있는 생성자가 없거나 생성자 오버로드 확인이 모호합니다.
  Middle.cpp
C:\Users\PCU\Desktop\myLife\Me.h(9,9): error C3646: 's': 알 수 없는 재정의 지정자입니다.
C:\Users\PCU\Desktop\myLife\Me.h(9,10): error C4430: 형식 지정자가 없습니다. int로 가정합니다. 참고: C++에서는 기본 int를 지원하지 않습니다.
  myLife.cpp
C:\Users\PCU\Desktop\myLife\School.h(14,9): error C3646: 's_name': 알 수 없는 재정의 지정자입니다.
C:\Users\PCU\Desktop\myLife\School.h(14,15): error C4430: 형식 지정자가 없습니다. int로 가정합니다. 참고: C++에서는 기본 int를 지원하지 않습니다.
C:\Users\PCU\Desktop\myLife\School.h(15,9): error C3646: 'school_days': 알 수 없는 재정의 지정자입니다.
C:\Users\PCU\Desktop\myLife\School.h(15,20): error C4430: 형식 지정자가 없습니다. int로 가정합니다. 참고: C++에서는 기본 int를 지원하지 않습니다.
C:\Users\PCU\Desktop\myLife\School.h(16,9): error C3646: 'school_activity': 알 수 없는 재정의 지정자입니다.
C:\Users\PCU\Desktop\myLife\School.h(16,24): error C4430: 형식 지정자가 없습니다. int로 가정합니다. 참고: C++에서는 기본 int를 지원하지 않습니다.
C:\Users\PCU\Desktop\myLife\School.h(19,9): error C2061: 구문 오류: 식별자 'string'
C:\Users\PCU\Desktop\myLife\Me.h(11,9): error C3646: 'my_birthday': 알 수 없는 재정의 지정자입니다.
C:\Users\PCU\Desktop\myLife\Me.h(11,20): error C4430: 형식 지정자가 없습니다. int로 가정합니다. 참고: C++에서는 기본 int를 지원하지 않습니다.
C:\Users\PCU\Desktop\myLife\Me.h(12,9): error C3646: 'my_name': 알 수 없는 재정의 지정자입니다.
C:\Users\PCU\Desktop\myLife\Me.h(12,16): error C4430: 형식 지정자가 없습니다. int로 가정합니다. 참고: C++에서는 기본 int를 지원하지 않습니다.
C:\Users\PCU\Desktop\myLife\Me.h(26,19): error C2061: 구문 오류: 식별자 'string'
  School.cpp
C:\Users\PCU\Desktop\myLife\Me.h(9,9): error C3646: 's': 알 수 없는 재정의 지정자입니다.
C:\Users\PCU\Desktop\myLife\Me.h(9,10): error C4430: 형식 지정자가 없습니다. int로 가정합니다. 참고: C++에서는 기본 int를 지원하지 않습니다.
  University.cpp
C:\Users\PCU\Desktop\myLife\Me.h(9,9): error C3646: 's': 알 수 없는 재정의 지정자입니다.
C:\Users\PCU\Desktop\myLife\Me.h(9,10): error C4430: 형식 지정자가 없습니다. int로 가정합니다. 참고: C++에서는 기본 int를 지원하지 않습니다.
  코드를 생성하고 있습니다...
